/home/aceren/anaconda3/envs/aceren_env/lib/python3.6/site-packages/quast-5.0.2-py3.6.egg-info/scripts/quast.py results/Genomics/1_Assembly/2_Assemblers/flye/SRR24651220_1/assembly.fasta -o quast_cikti/

Version: 5.0.2

System information:
  OS: Linux-6.6.87.2-microsoft-standard-WSL2-x86_64-with-debian-trixie-sid (linux_64)
  Python version: 3.6.13
  CPUs number: 20

Started: 2026-03-20 23:44:08

Logging to /home/aceren/GenoDiplo/quast_cikti/quast.log
NOTICE: Maximum number of threads is set to 5 (use --threads option to set it manually)

CWD: /home/aceren/GenoDiplo
Main parameters: 
  MODE: default, threads: 5, minimum contig length: 500, minimum alignment length: 65, \
  ambiguity: one, threshold for extensive misassembly size: 1000

Contigs:
  Pre-processing...
  results/Genomics/1_Assembly/2_Assemblers/flye/SRR24651220_1/assembly.fasta ==> assembly

2026-03-20 23:44:09
Running Basic statistics processor...
  Contig files: 
    assembly
  Calculating N50 and L50...
    assembly, N50 = 3196591, L50 = 1, Total length = 3196591, GC % = 43.09, # N's per 100 kbp =  0.00
  Drawing Nx plot...
    saved to /home/aceren/GenoDiplo/quast_cikti/basic_stats/Nx_plot.pdf
  Drawing cumulative plot...
    saved to /home/aceren/GenoDiplo/quast_cikti/basic_stats/cumulative_plot.pdf
  Drawing GC content plot...
    saved to /home/aceren/GenoDiplo/quast_cikti/basic_stats/GC_content_plot.pdf
  Drawing assembly GC content plot...
    saved to /home/aceren/GenoDiplo/quast_cikti/basic_stats/assembly_GC_content_plot.pdf
Done.

NOTICE: Genes are not predicted by default. Use --gene-finding or --glimmer option to enable it.

2026-03-20 23:44:10
Creating large visual summaries...
This may take a while: press Ctrl-C to skip this step..
  1 of 2: Creating Icarus viewers...
  2 of 2: Creating PDF with all tables and plots...
Done

2026-03-20 23:44:10
RESULTS:
  Text versions of total report are saved to /home/aceren/GenoDiplo/quast_cikti/report.txt, report.tsv, and report.tex
  Text versions of transposed total report are saved to /home/aceren/GenoDiplo/quast_cikti/transposed_report.txt, transposed_report.tsv, and transposed_report.tex
  HTML version (interactive tables and plots) is saved to /home/aceren/GenoDiplo/quast_cikti/report.html
  PDF version (tables and plots) is saved to /home/aceren/GenoDiplo/quast_cikti/report.pdf
  Icarus (contig browser) is saved to /home/aceren/GenoDiplo/quast_cikti/icarus.html
  Log is saved to /home/aceren/GenoDiplo/quast_cikti/quast.log

Finished: 2026-03-20 23:44:10
Elapsed time: 0:00:02.525383
NOTICEs: 2; WARNINGs: 1; non-fatal ERRORs: 0

Thank you for using QUAST!
